<?xml version="1.0" encoding="UTF-8"?>
<testsuite xmlns:xsi="http://www.w3.org/2001/XMLSchema-instance" xsi:noNamespaceSchemaLocation="https://maven.apache.org/surefire/maven-surefire-plugin/xsd/surefire-test-report-3.0.xsd" version="3.0" name="com.back.customers.controller.CustomerControllerTest" time="4.177" tests="5" errors="0" skipped="0" failures="0">
  <properties>
[...]
</properties>
  <testcase name="testGetCustomerById" classname="com.back.customers.controller.CustomerControllerTest" time="3.713">
    <system-out><![CDATA[16:34:17.953 [main] INFO com.back.customers.controller.CustomerControllerTest -- HTTP Status: 200 OK
16:34:17.975 [main] INFO com.back.customers.controller.CustomerControllerTest -- Response Body: com.back.customers.dto.CustomerDto@113e13f9
]]></system-out>
    <system-err><![CDATA[WARNING: A Java agent has been loaded dynamically (/Users/debruynemaxime/.m2/repository/net/bytebuddy/byte-buddy-agent/1.14.11/byte-buddy-agent-1.14.11.jar)
WARNING: If a serviceability tool is in use, please run with -XX:+EnableDynamicAgentLoading to hide this warning
WARNING: If a serviceability tool is not in use, please run with -Djdk.instrument.traceUsage for more information
WARNING: Dynamic loading of agents will be disallowed by default in a future release
]]></system-err>
  </testcase>
  <testcase name="testGetAllCustomers" classname="com.back.customers.controller.CustomerControllerTest" time="0.009">
    <system-out><![CDATA[16:34:18.032 [main] INFO com.back.customers.controller.CustomerControllerTest -- HTTP Status: 200 OK
16:34:18.033 [main] INFO com.back.customers.controller.CustomerControllerTest -- Response Body: [com.back.customers.dto.CustomerDto@60783105]
]]></system-out>
  </testcase>
  <testcase name="testUpdateCustomer" classname="com.back.customers.controller.CustomerControllerTest" time="0.025">
    <system-out><![CDATA[16:34:18.087 [main] INFO com.back.customers.controller.CustomerControllerTest -- HTTP Status: 200 OK
16:34:18.088 [main] INFO com.back.customers.controller.CustomerControllerTest -- Response Body: com.back.customers.dto.CustomerDto@b606cb6
]]></system-out>
  </testcase>
  <testcase name="testCreateCustomer" classname="com.back.customers.controller.CustomerControllerTest" time="0.014">
    <system-out><![CDATA[16:34:18.122 [main] INFO com.back.customers.controller.CustomerControllerTest -- HTTP Status: 201 CREATED
16:34:18.123 [main] INFO com.back.customers.controller.CustomerControllerTest -- Response Body: com.back.customers.dto.CustomerDto@30364216
]]></system-out>
  </testcase>
  <testcase name="testDeleteCustomer" classname="com.back.customers.controller.CustomerControllerTest" time="0.013">
    <system-out><![CDATA[16:34:18.138 [main] INFO com.back.customers.controller.CustomerControllerTest -- HTTP Status: 204 NO_CONTENT
]]></system-out>
  </testcase>
</testsuite>