<?xml version="1.0" encoding="UTF-8"?>
<testsuite xmlns:xsi="http://www.w3.org/2001/XMLSchema-instance" xsi:noNamespaceSchemaLocation="https://maven.apache.org/surefire/maven-surefire-plugin/xsd/surefire-test-report-3.0.xsd" version="3.0" name="com.back.customers.controller.CustomerControllerTest" time="3.035" tests="5" errors="0" skipped="0" failures="0">
  <properties>
[...]
</properties>
  <testcase name="testGetCustomerById" classname="com.back.customers.controller.CustomerControllerTest" time="2.829">
    <system-out><![CDATA[19:33:58.443 [main] INFO com.back.customers.controller.CustomerControllerTest -- HTTP Status: 200 OK
19:33:58.459 [main] INFO com.back.customers.controller.CustomerControllerTest -- Response Body: com.back.customers.dto.CustomerDto@421056e5
]]></system-out>
  </testcase>
  <testcase name="testGetAllCustomers" classname="com.back.customers.controller.CustomerControllerTest" time="0.009">
    <system-out><![CDATA[19:33:58.517 [main] INFO com.back.customers.controller.CustomerControllerTest -- HTTP Status: 200 OK
19:33:58.517 [main] INFO com.back.customers.controller.CustomerControllerTest -- Response Body: [com.back.customers.dto.CustomerDto@5fcfde70]
]]></system-out>
  </testcase>
  <testcase name="testUpdateCustomer" classname="com.back.customers.controller.CustomerControllerTest" time="0.007">
    <system-out><![CDATA[19:33:58.532 [main] INFO com.back.customers.controller.CustomerControllerTest -- HTTP Status: 200 OK
19:33:58.532 [main] INFO com.back.customers.controller.CustomerControllerTest -- Response Body: com.back.customers.dto.CustomerDto@77b919a3
]]></system-out>
  </testcase>
  <testcase name="testCreateCustomer" classname="com.back.customers.controller.CustomerControllerTest" time="0.01">
    <system-out><![CDATA[19:33:58.546 [main] INFO com.back.customers.controller.CustomerControllerTest -- HTTP Status: 201 CREATED
19:33:58.547 [main] INFO com.back.customers.controller.CustomerControllerTest -- Response Body: com.back.customers.dto.CustomerDto@4d21c56e
]]></system-out>
  </testcase>
  <testcase name="testDeleteCustomer" classname="com.back.customers.controller.CustomerControllerTest" time="0.008">
    <system-out><![CDATA[19:33:58.558 [main] INFO com.back.customers.controller.CustomerControllerTest -- HTTP Status: 204 NO_CONTENT
]]></system-out>
  </testcase>
</testsuite>